<?xml version="1.0" encoding="UTF-8"?>
<testsuite xmlns:xsi="http://www.w3.org/2001/XMLSchema-instance" xsi:noNamespaceSchemaLocation="https://maven.apache.org/surefire/maven-surefire-plugin/xsd/surefire-test-report.xsd" name="ssvv.example.validation.StudentValidatorTest" time="0.079" tests="2" errors="0" skipped="0" failures="0">
  <properties>
[...]
</properties>
  <testcase name="invalidStudentShouldThrowException" classname="ssvv.example.validation.StudentValidatorTest" time="0.05"/>
  <testcase name="validStudentShouldBeValidated" classname="ssvv.example.validation.StudentValidatorTest" time="0.002"/>
</testsuite>